#
# An unexpected error has been detected by Java Runtime Environment:
#
#  EXCEPTION_ACCESS_VIOLATION (0xc0000005) at pc=0x10cfbcf5, pid=9868, tid=9620
#
# Java VM: Java HotSpot(TM) Client VM (11.3-b02 mixed mode windows-x86)
# Problematic frame:
# C  [QtWebKit4.dll+0x37bcf5]
#
# If you would like to submit a bug report, please visit:
#   http://java.sun.com/webapps/bugreport/crash.jsp
# The crash happened outside the Java Virtual Machine in native code.
# See problematic frame for where to report the bug.
#

---------------  T H R E A D  ---------------

Current thread (0x017f9800):  JavaThread "main" [_thread_in_native, id=9620, stack(0x00170000,0x001c0000)]

siginfo: ExceptionCode=0xc0000005, reading address 0x00000028

Registers:
EAX=0x00000028, EBX=0x110eaa5c, ECX=0x00000000, EDX=0x133af464
ESP=0x001bc8ac, EBP=0x13b90078, ESI=0x00000000, EDI=0x00000ead
EIP=0x10cfbcf5, EFLAGS=0x00010202

Top of Stack: (sp=0x001bc8ac)
0x001bc8ac:   001bc97c 0c90cde0 001bcb20 001bc924
0x001bc8bc:   00000000 13b959d0 13b99484 00003fff
0x001bc8cc:   0ca05180 10cfc334 001bc8e4 1497cead
0x001bc8dc:   0e250c90 00000001 b6efad45 0e250c90
0x001bc8ec:   00000000 10cfc859 001bc904 001bc924
0x001bc8fc:   001bc924 00000000 00000001 001bc948
0x001bc90c:   110449f9 10f3c8be 001bc97c 0e250c90
0x001bc91c:   10cb728c 001bc93c 110eaa5c b6efac81 

Instructions: (pc=0x10cfbcf5)
0x10cfbce5:   33 c9 85 d2 74 19 eb 03 8d 49 00 66 0f b6 2c 19
0x10cfbcf5:   66 39 2c 48 75 14 41 3b ca 75 f0 8b 6c 24 18 80 


Stack: [0x00170000,0x001c0000],  sp=0x001bc8ac,  free space=306k
Native frames: (J=compiled Java code, j=interpreted, Vv=VM code, C=native code)
C  [QtWebKit4.dll+0x37bcf5]

Java frames: (J=compiled Java code, j=interpreted, Vv=VM code)
j  com.trolltech.qt.gui.QApplication.exec()I+0
j  com.liu.ui.CrawlerImpl.main([Ljava/lang/String;)V+16
v  ~StubRoutines::call_stub

---------------  P R O C E S S  ---------------

Java Threads: ( => current thread )
  0x0bcec000 JavaThread "Timer-7" [_thread_blocked, id=9704, stack(0x10120000,0x10170000)]
  0x0be27000 JavaThread "Timer-5" [_thread_blocked, id=9756, stack(0x0ce70000,0x0cec0000)]
  0x0bded400 JavaThread "Timer-3" [_thread_blocked, id=9320, stack(0x0cbb0000,0x0cc00000)]
  0x01974400 JavaThread "Timer-1" [_thread_blocked, id=8492, stack(0x0fe00000,0x0fe50000)]
  0x0bcf6000 JavaThread "Thread-0" daemon [_thread_blocked, id=9032, stack(0x0beb0000,0x0bf00000)]
  0x019dcc00 JavaThread "Low Memory Detector" daemon [_thread_blocked, id=2396, stack(0x0bc10000,0x0bc60000)]
  0x019a4400 JavaThread "CompilerThread0" daemon [_thread_blocked, id=9668, stack(0x0bbc0000,0x0bc10000)]
  0x019a4000 JavaThread "Attach Listener" daemon [_thread_blocked, id=9816, stack(0x0bb70000,0x0bbc0000)]
  0x019a3400 JavaThread "Signal Dispatcher" daemon [_thread_blocked, id=8884, stack(0x0bb20000,0x0bb70000)]
  0x01993400 JavaThread "Finalizer" daemon [_thread_blocked, id=7428, stack(0x0bad0000,0x0bb20000)]
  0x0198dc00 JavaThread "Reference Handler" daemon [_thread_blocked, id=3392, stack(0x0ba80000,0x0bad0000)]
=>0x017f9800 JavaThread "main" [_thread_in_native, id=9620, stack(0x00170000,0x001c0000)]

Other Threads:
  0x0198a800 VMThread [stack: 0x0ba30000,0x0ba80000] [id=9256]
  0x019e5000 WatcherThread [stack: 0x0bc60000,0x0bcb0000] [id=3552]

VM state:not at safepoint (normal execution)

VM Mutex/Monitor currently owned by a thread: None

Heap
 def new generation   total 960K, used 226K [0x03a00000, 0x03b00000, 0x03ee0000)
  eden space 896K,  22% used [0x03a00000, 0x03a31750, 0x03ae0000)
  from space 64K,  45% used [0x03ae0000, 0x03ae73a8, 0x03af0000)
  to   space 64K,   0% used [0x03af0000, 0x03af0000, 0x03b00000)
 tenured generation   total 4096K, used 2571K [0x03ee0000, 0x042e0000, 0x07a00000)
   the space 4096K,  62% used [0x03ee0000, 0x04162f80, 0x04163000, 0x042e0000)
 compacting perm gen  total 12288K, used 8885K [0x07a00000, 0x08600000, 0x0ba00000)
   the space 12288K,  72% used [0x07a00000, 0x082ad428, 0x082ad600, 0x08600000)
No shared spaces configured.

Dynamic libraries:
0x00400000 - 0x00424000 	C:\Users\chenlu\AppData\Local\MyEclipse\Common\binary\com.sun.java.jdk.win32.x86_1.6.0.013\bin\javaw.exe
0x77480000 - 0x775bc000 	C:\Windows\SYSTEM32\ntdll.dll
0x759b0000 - 0x75a84000 	C:\Windows\system32\kernel32.dll
0x75880000 - 0x758cb000 	C:\Windows\system32\KERNELBASE.dll
0x76130000 - 0x761d0000 	C:\Windows\system32\ADVAPI32.dll
0x75900000 - 0x759ac000 	C:\Windows\system32\msvcrt.dll
0x75d60000 - 0x75d79000 	C:\Windows\SYSTEM32\sechost.dll
0x76470000 - 0x76511000 	C:\Windows\system32\RPCRT4.dll
0x75c10000 - 0x75cd9000 	C:\Windows\system32\USER32.dll
0x760e0000 - 0x7612e000 	C:\Windows\system32\GDI32.dll
0x75a90000 - 0x75a9a000 	C:\Windows\system32\LPK.dll
0x75fe0000 - 0x7607d000 	C:\Windows\system32\USP10.dll
0x758d0000 - 0x758ef000 	C:\Windows\system32\IMM32.DLL
0x76560000 - 0x7662c000 	C:\Windows\system32\MSCTF.dll
0x7c340000 - 0x7c396000 	C:\Users\chenlu\AppData\Local\MyEclipse\Common\binary\com.sun.java.jdk.win32.x86_1.6.0.013\jre\bin\msvcr71.dll
0x6d8b0000 - 0x6db06000 	C:\Users\chenlu\AppData\Local\MyEclipse\Common\binary\com.sun.java.jdk.win32.x86_1.6.0.013\jre\bin\client\jvm.dll
0x73f90000 - 0x73fc2000 	C:\Windows\system32\WINMM.dll
0x75500000 - 0x7554b000 	C:\Windows\system32\apphelp.dll
0x6d340000 - 0x6d348000 	C:\Users\chenlu\AppData\Local\MyEclipse\Common\binary\com.sun.java.jdk.win32.x86_1.6.0.013\jre\bin\hpi.dll
0x775c0000 - 0x775c5000 	C:\Windows\system32\PSAPI.DLL
0x6d860000 - 0x6d86c000 	C:\Users\chenlu\AppData\Local\MyEclipse\Common\binary\com.sun.java.jdk.win32.x86_1.6.0.013\jre\bin\verify.dll
0x6d3e0000 - 0x6d3ff000 	C:\Users\chenlu\AppData\Local\MyEclipse\Common\binary\com.sun.java.jdk.win32.x86_1.6.0.013\jre\bin\java.dll
0x6d8a0000 - 0x6d8af000 	C:\Users\chenlu\AppData\Local\MyEclipse\Common\binary\com.sun.java.jdk.win32.x86_1.6.0.013\jre\bin\zip.dll
0x67000000 - 0x67225000 	C:\Users\chenlu\AppData\Local\Temp\QtJambi_chenlu_x86_4.7.1_msvc2008-20101128-1649\lib\QtCore4.dll
0x75aa0000 - 0x75bfc000 	C:\Windows\system32\ole32.dll
0x76520000 - 0x76555000 	C:\Windows\system32\WS2_32.dll
0x75c00000 - 0x75c06000 	C:\Windows\system32\NSI.dll
0x66a80000 - 0x66b0e000 	C:\Windows\WinSxS\x86_microsoft.vc90.crt_1fc8b3b9a1e18e3b_9.0.30729.4926_none_508ed732bcbc0e5a\MSVCP90.dll
0x5cf80000 - 0x5d023000 	C:\Windows\WinSxS\x86_microsoft.vc90.crt_1fc8b3b9a1e18e3b_9.0.30729.4926_none_508ed732bcbc0e5a\MSVCR90.dll
0x10000000 - 0x10033000 	C:\Users\chenlu\AppData\Local\Temp\QtJambi_chenlu_x86_4.7.1_msvc2008-20101128-1649\lib\qtjambi.dll
0x0c0e0000 - 0x0c1c4000 	C:\Users\chenlu\AppData\Local\Temp\QtJambi_chenlu_x86_4.7.1_msvc2008-20101128-1649\lib\com_trolltech_qt_core.dll
0x65000000 - 0x657aa000 	C:\Users\chenlu\AppData\Local\Temp\QtJambi_chenlu_x86_4.7.1_msvc2008-20101128-1649\lib\QtGui4.dll
0x75ce0000 - 0x75d5b000 	C:\Windows\system32\COMDLG32.dll
0x75d80000 - 0x75dd7000 	C:\Windows\system32\SHLWAPI.dll
0x74320000 - 0x744be000 	C:\Windows\WinSxS\x86_microsoft.windows.common-controls_6595b64144ccf1df_6.0.7600.16661_none_420fe3fa2b8113bd\COMCTL32.dll
0x766c0000 - 0x77309000 	C:\Windows\system32\SHELL32.dll
0x76630000 - 0x766bf000 	C:\Windows\system32\OLEAUT32.dll
0x70730000 - 0x70781000 	C:\Windows\system32\WINSPOOL.DRV
0x0c340000 - 0x0c82f000 	C:\Users\chenlu\AppData\Local\Temp\QtJambi_chenlu_x86_4.7.1_msvc2008-20101128-1649\lib\com_trolltech_qt_gui.dll
0x73710000 - 0x73750000 	C:\Windows\system32\uxtheme.dll
0x736f0000 - 0x73703000 	C:\Windows\system32\dwmapi.dll
0x75550000 - 0x7555c000 	C:\Windows\system32\CRYPTBASE.dll
0x75080000 - 0x75096000 	C:\Windows\system32\CRYPTSP.dll
0x74e20000 - 0x74e5b000 	C:\Windows\system32\rsaenh.dll
0x755c0000 - 0x755ce000 	C:\Windows\system32\RpcRtRemote.dll
0x6ff60000 - 0x6ffe4000 	C:\Windows\WinSxS\x86_microsoft.windows.common-controls_6595b64144ccf1df_5.82.7600.16661_none_ebfb56996c72aefc\comctl32.dll
0x77620000 - 0x776a3000 	C:\Windows\system32\CLBCatQ.DLL
0x761d0000 - 0x7636d000 	C:\Windows\system32\SETUPAPI.dll
0x75850000 - 0x75877000 	C:\Windows\system32\CFGMGR32.dll
0x75800000 - 0x75812000 	C:\Windows\system32\DEVOBJ.dll
0x747a0000 - 0x74895000 	C:\Windows\system32\propsys.dll
0x74b40000 - 0x74b61000 	C:\Windows\system32\ntmarta.dll
0x775d0000 - 0x77615000 	C:\Windows\system32\WLDAP32.dll
0x755d0000 - 0x755db000 	C:\Windows\system32\profapi.dll
0x6ded0000 - 0x6df28000 	C:\Program Files\Common Files\microsoft shared\ink\tiptsf.dll
0x6e4c0000 - 0x6e62f000 	C:\Windows\system32\explorerframe.dll
0x73310000 - 0x7333f000 	C:\Windows\system32\DUser.dll
0x73340000 - 0x733f2000 	C:\Windows\system32\DUI70.dll
0x730d0000 - 0x731cb000 	C:\Windows\system32\WindowsCodecs.dll
0x6e420000 - 0x6e454000 	C:\Program Files\360\360safe\safemon\360UDiskGuard.dll
0x74b30000 - 0x74b39000 	C:\Windows\system32\VERSION.dll
0x6e3e0000 - 0x6e411000 	C:\Windows\system32\EhStorShell.dll
0x6e370000 - 0x6e3da000 	C:\Windows\System32\cscui.dll
0x6ed30000 - 0x6ed39000 	C:\Windows\System32\CSCDLL.dll
0x6ef30000 - 0x6ef3b000 	C:\Windows\system32\CSCAPI.dll
0x6e2c0000 - 0x6e32f000 	C:\Windows\system32\ntshrui.dll
0x75430000 - 0x75449000 	C:\Windows\system32\srvcli.dll
0x744c0000 - 0x744ca000 	C:\Windows\system32\slc.dll
0x6df30000 - 0x6df5a000 	C:\Windows\system32\msls31.dll
0x732a0000 - 0x732cf000 	C:\Windows\system32\xmllite.dll
0x6d4c0000 - 0x6d51c000 	C:\Windows\System32\StructuredQuery.dll
0x754a0000 - 0x754a8000 	C:\Windows\System32\Secur32.dll
0x754c0000 - 0x754da000 	C:\Windows\system32\SSPICLI.DLL
0x6eb90000 - 0x6ebde000 	C:\Windows\system32\actxprxy.dll
0x6b910000 - 0x6b93b000 	C:\Program Files\Internet Explorer\ieproxy.dll
0x6f730000 - 0x6f746000 	C:\Windows\system32\thumbcache.dll
0x6e280000 - 0x6e2ae000 	C:\Windows\system32\SHDOCVW.dll
0x70f50000 - 0x719cc000 	C:\Windows\system32\ieframe.DLL
0x722c0000 - 0x722fc000 	C:\Windows\system32\OLEACC.dll
0x75de0000 - 0x75fd9000 	C:\Windows\system32\iertutil.dll
0x65ed0000 - 0x65f6f000 	C:\Windows\system32\SearchFolder.dll
0x64130000 - 0x642c8000 	C:\Windows\system32\NetworkExplorer.dll
0x6e820000 - 0x6e829000 	C:\Windows\system32\LINKINFO.dll
0x707a0000 - 0x707b2000 	C:\Windows\system32\MPR.dll
0x6ed20000 - 0x6ed28000 	C:\Windows\System32\drprov.dll
0x74cc0000 - 0x74ce9000 	C:\Windows\System32\WINSTA.dll
0x6ed00000 - 0x6ed14000 	C:\Windows\System32\ntlanman.dll
0x6ece0000 - 0x6ecf6000 	C:\Windows\System32\davclnt.dll
0x6ecd0000 - 0x6ecd8000 	C:\Windows\System32\DAVHLPR.dll
0x74060000 - 0x7406f000 	C:\Windows\system32\wkscli.dll
0x74070000 - 0x74079000 	C:\Windows\system32\netutils.dll
0x6f7f0000 - 0x6f879000 	C:\Windows\system32\PortableDeviceApi.dll
0x75820000 - 0x7584d000 	C:\Windows\system32\WINTRUST.dll
0x75650000 - 0x7576c000 	C:\Windows\system32\CRYPT32.dll
0x75640000 - 0x7564c000 	C:\Windows\system32\MSASN1.dll
0x6b970000 - 0x6b992000 	C:\Windows\system32\EhStorAPI.dll
0x73e80000 - 0x73e8f000 	C:\Windows\system32\samcli.dll
0x73dd0000 - 0x73de2000 	C:\Windows\system32\SAMLIB.dll
0x76370000 - 0x76464000 	C:\Windows\system32\WININET.dll
0x758f0000 - 0x758f3000 	C:\Windows\system32\Normaliz.dll
0x77310000 - 0x77445000 	C:\Windows\system32\urlmon.dll
0x64000000 - 0x640c2000 	C:\Users\chenlu\AppData\Local\Temp\QtJambi_chenlu_x86_4.7.1_msvc2008-20101128-1649\lib\QtNetwork4.dll
0x0ff80000 - 0x0ffc5000 	C:\Users\chenlu\AppData\Local\Temp\QtJambi_chenlu_x86_4.7.1_msvc2008-20101128-1649\lib\phonon4.dll
0x10980000 - 0x113e1000 	C:\Users\chenlu\AppData\Local\Temp\QtJambi_chenlu_x86_4.7.1_msvc2008-20101128-1649\lib\QtWebKit4.dll
0x113f0000 - 0x1143a000 	C:\Users\chenlu\AppData\Local\Temp\QtJambi_chenlu_x86_4.7.1_msvc2008-20101128-1649\lib\com_trolltech_qt_webkit.dll
0x11440000 - 0x1149a000 	C:\Users\chenlu\AppData\Local\Temp\QtJambi_chenlu_x86_4.7.1_msvc2008-20101128-1649\lib\com_trolltech_qt_network.dll
0x0e750000 - 0x0e777000 	C:\Users\chenlu\AppData\Local\Temp\QtJambi_chenlu_x86_4.7.1_msvc2008-20101128-1649\plugins\codecs\qcncodecs4.dll
0x0e940000 - 0x0e96c000 	C:\Users\chenlu\AppData\Local\Temp\QtJambi_chenlu_x86_4.7.1_msvc2008-20101128-1649\plugins\codecs\qjpcodecs4.dll
0x0e6a0000 - 0x0e6b7000 	C:\Users\chenlu\AppData\Local\Temp\QtJambi_chenlu_x86_4.7.1_msvc2008-20101128-1649\plugins\codecs\qkrcodecs4.dll
0x0ea40000 - 0x0ea6a000 	C:\Users\chenlu\AppData\Local\Temp\QtJambi_chenlu_x86_4.7.1_msvc2008-20101128-1649\plugins\codecs\qtwcodecs4.dll
0x0eb90000 - 0x0eb9a000 	C:\Users\chenlu\AppData\Local\Temp\QtJambi_chenlu_x86_4.7.1_msvc2008-20101128-1649\plugins\imageformats\qgif4.dll
0x0fa60000 - 0x0fa93000 	C:\Users\chenlu\AppData\Local\Temp\QtJambi_chenlu_x86_4.7.1_msvc2008-20101128-1649\plugins\imageformats\qjpeg4.dll
0x114a0000 - 0x114da000 	C:\Users\chenlu\AppData\Local\Temp\QtJambi_chenlu_x86_4.7.1_msvc2008-20101128-1649\plugins\imageformats\qmng4.dll
0x114e0000 - 0x11528000 	C:\Users\chenlu\AppData\Local\Temp\QtJambi_chenlu_x86_4.7.1_msvc2008-20101128-1649\plugins\imageformats\qtiff4.dll
0x11780000 - 0x117b3000 	C:\Program Files\YouKu\YoukuClient\ikutm.dll
0x117c0000 - 0x117f2000 	C:\Program Files\YouKu\YoukuClient\ikutmco.dll
0x75040000 - 0x7507c000 	C:\Windows\system32\mswsock.dll
0x74b20000 - 0x74b25000 	C:\Windows\System32\wshtcpip.dll
0x75030000 - 0x75036000 	C:\Windows\System32\wship6.dll
0x74f00000 - 0x74f44000 	C:\Windows\system32\DNSAPI.dll
0x74220000 - 0x7423c000 	C:\Windows\system32\IPHLPAPI.DLL
0x74200000 - 0x74207000 	C:\Windows\system32\WINNSI.DLL
0x70090000 - 0x70096000 	C:\Windows\system32\rasadhlp.dll
0x73e00000 - 0x73e38000 	C:\Windows\System32\fwpuclnt.dll
0x748a0000 - 0x748d9000 	C:\Windows\system32\MMDevAPI.DLL
0x73270000 - 0x732a0000 	C:\Windows\system32\wdmaud.drv
0x73d50000 - 0x73d54000 	C:\Windows\system32\ksuser.dll
0x74790000 - 0x74797000 	C:\Windows\system32\AVRT.dll

VM Arguments:
jvm_args: -Dfile.encoding=GBK 
java_command: com.liu.ui.CrawlerImpl
Launcher Type: SUN_STANDARD

Environment Variables:
JAVA_HOME=C:\Program Files\Java\jdk1.7.0_03
CLASSPATH=.;C:\Program Files\Java\jdk1.7.0_03\lib;C:\Program Files\Java\jdk1.7.0_03\lib\dt.jar;C:\Program Files\Java\jdk1.7.0_03\lib\tools.jar
PATH=C:/Users/chenlu/AppData/Local/MyEclipse/Common/binary/com.sun.java.jdk.win32.x86_1.6.0.013/jre/bin/client;C:/Users/chenlu/AppData/Local/MyEclipse/Common/binary/com.sun.java.jdk.win32.x86_1.6.0.013/jre/bin;C:/Users/chenlu/AppData/Local/MyEclipse/Common/binary/com.sun.java.jdk.win32.x86_1.6.0.013/jre/lib/i386;C:\Windows\system32;C:\Windows;C:\Windows\System32\Wbem;C:\Windows\System32\WindowsPowerShell\v1.0\;C:\Program Files\Java\jdk1.7.0_03\bin;C:\Program Files\Java\jdk1.7.0_03\jre\bin
USERNAME=chenlu
OS=Windows_NT
PROCESSOR_IDENTIFIER=x86 Family 6 Model 15 Stepping 13, GenuineIntel



---------------  S Y S T E M  ---------------

OS: Windows NT 6.1 Build 7600 

CPU:total 2 (2 cores per cpu, 1 threads per core) family 6 model 15 stepping 13, cmov, cx8, fxsr, mmx, sse, sse2, sse3, ssse3

Memory: 4k page, physical 2097151k(892056k free), swap 4194303k(3596960k free)

vm_info: Java HotSpot(TM) Client VM (11.3-b02) for windows-x86 JRE (1.6.0_13-b03), built on Mar  9 2009 01:15:24 by "java_re" with MS VC++ 7.1

time: Fri Jul 26 17:09:09 2013
elapsed time: 665 seconds

